<?xml version="1.0" encoding="UTF-8"?>
<beans xmlns="http://www.springframework.org/schema/beans"
       xmlns:xsi="http://www.w3.org/2001/XMLSchema-instance"
       xmlns:tx="http://www.springframework.org/schema/tx"
       xmlns:context="http://www.springframework.org/schema/context"
       xsi:schemaLocation="http://www.springframework.org/schema/beans
    http://www.springframework.org/schema/beans/spring-beans-3.2.xsd
    http://www.springframework.org/schema/context
    http://www.springframework.org/schema/context/spring-context-3.2.xsd
    http://www.springframework.org/schema/tx
    http://www.springframework.org/schema/tx/spring-tx-3.2.xsd">

    <import resource="db-context.xml"/>
    <context:property-placeholder location="classpath:test-jdbc.properties"/>
    <context:component-scan base-package="md.vcroitor.licenta.server.dao,md.vcroitor.licenta.common "/>
    <context:annotation-config/>
    <tx:annotation-driven/>
</beans>